<?xml version="1.0" encoding="UTF-8"?>
<testng-results skipped="0" failed="0" total="2" passed="2">
  <reporter-output>
  </reporter-output>
  <suite name="Default suite" duration-ms="40" started-at="2015-02-26T20:45:28Z" finished-at="2015-02-26T20:45:28Z">
    <groups>
    </groups>
    <test name="Default test" duration-ms="40" started-at="2015-02-26T20:45:28Z" finished-at="2015-02-26T20:45:28Z">
      <class name="taxTest.TaxManTest">
        <test-method status="PASS" signature="testcostEstimator()[pri:0, instance:taxTest.TaxManTest@ba41381]" name="testcostEstimator" duration-ms="17" started-at="2015-02-26T12:45:28Z" description="Tests the costestimator method" finished-at="2015-02-26T12:45:28Z">
          <reporter-output>
          </reporter-output>
        </test-method> <!-- testcostEstimator -->
        <test-method status="PASS" signature="testisValidInput()[pri:0, instance:taxTest.TaxManTest@ba41381]" name="testisValidInput" duration-ms="1" started-at="2015-02-26T12:45:28Z" description="Tests the input" finished-at="2015-02-26T12:45:28Z">
          <reporter-output>
          </reporter-output>
        </test-method> <!-- testisValidInput -->
      </class> <!-- taxTest.TaxManTest -->
    </test> <!-- Default test -->
  </suite> <!-- Default suite -->
</testng-results>
